2023-09-14 13:22:33,669 DEBUG    root            Loaded Command Group: ['gcloud', 'components']
2023-09-14 13:22:33,672 DEBUG    root            Loaded Command Group: ['gcloud', 'components', 'update']
2023-09-14 13:22:33,674 DEBUG    root            Running [gcloud.components.update] with arguments: [--quiet: "True", COMPONENT-IDS:8: "['gcloud', 'core', 'bq', 'gsutil', 'compute', 'preview', 'alpha', 'beta']"]
2023-09-14 13:22:33,675 INFO     ___FILE_ONLY___ Beginning update. This process may take several minutes.

2023-09-14 13:22:33,681 DEBUG    urllib3.connectionpool Starting new HTTPS connection (1): dl.google.com:443
2023-09-14 13:22:33,770 DEBUG    urllib3.connectionpool https://dl.google.com:443 "GET /dl/cloudsdk/channels/rapid/components-2.json HTTP/1.1" 200 209937
2023-09-14 13:22:33,786 WARNING  root            Component [compute] no longer exists.
2023-09-14 13:22:33,786 WARNING  root            Component [preview] no longer exists.
2023-09-14 13:22:33,787 INFO     ___FILE_ONLY___ 

2023-09-14 13:22:33,788 INFO     ___FILE_ONLY___ 
Your current Google Cloud CLI version is: 446.0.0

2023-09-14 13:22:33,788 INFO     ___FILE_ONLY___ Installing components from version: 446.0.0

2023-09-14 13:22:33,788 INFO     ___FILE_ONLY___ 

2023-09-14 13:22:33,788 DEBUG    root            Chosen display Format:table[box,title="These components will be removed."](details.display_name:label=Name:align=left,version.version_string:label=Version:align=right,data.size.size(zero="",min=1048576):label=Size:align=right)
2023-09-14 13:22:33,789 DEBUG    root            Chosen display Format:table[box,title="These components will be updated."](details.display_name:label=Name:align=left,version.version_string:label=Version:align=right,data.size.size(zero="",min=1048576):label=Size:align=right)
2023-09-14 13:22:33,789 DEBUG    root            Chosen display Format:table[box,title="These components will be installed."](details.display_name:label=Name:align=left,version.version_string:label=Version:align=right,data.size.size(zero="",min=1048576):label=Size:align=right)
2023-09-14 13:22:33,791 INFO     ___FILE_ONLY___ ┌──────────────────────────────────────────────┐
2023-09-14 13:22:33,791 INFO     ___FILE_ONLY___ 

2023-09-14 13:22:33,791 INFO     ___FILE_ONLY___ │     These components will be installed.      │
2023-09-14 13:22:33,791 INFO     ___FILE_ONLY___ 

2023-09-14 13:22:33,791 INFO     ___FILE_ONLY___ ├───────────────────────┬────────────┬─────────┤
2023-09-14 13:22:33,791 INFO     ___FILE_ONLY___ 

2023-09-14 13:22:33,791 INFO     ___FILE_ONLY___ │          Name         │  Version   │   Size  │
2023-09-14 13:22:33,791 INFO     ___FILE_ONLY___ 

2023-09-14 13:22:33,792 INFO     ___FILE_ONLY___ ├───────────────────────┼────────────┼─────────┤
2023-09-14 13:22:33,792 INFO     ___FILE_ONLY___ 

2023-09-14 13:22:33,792 INFO     ___FILE_ONLY___ │ 
2023-09-14 13:22:33,792 INFO     ___FILE_ONLY___ gcloud Alpha Commands
2023-09-14 13:22:33,792 INFO     ___FILE_ONLY___  
2023-09-14 13:22:33,792 INFO     ___FILE_ONLY___ │ 
2023-09-14 13:22:33,792 INFO     ___FILE_ONLY___ 2023.09.08
2023-09-14 13:22:33,792 INFO     ___FILE_ONLY___  
2023-09-14 13:22:33,792 INFO     ___FILE_ONLY___ │ 
2023-09-14 13:22:33,792 INFO     ___FILE_ONLY___ < 1 MiB
2023-09-14 13:22:33,792 INFO     ___FILE_ONLY___  
2023-09-14 13:22:33,792 INFO     ___FILE_ONLY___ │
2023-09-14 13:22:33,792 INFO     ___FILE_ONLY___ 

2023-09-14 13:22:33,792 INFO     ___FILE_ONLY___ │ 
2023-09-14 13:22:33,792 INFO     ___FILE_ONLY___ gcloud Beta Commands 
2023-09-14 13:22:33,793 INFO     ___FILE_ONLY___  
2023-09-14 13:22:33,793 INFO     ___FILE_ONLY___ │ 
2023-09-14 13:22:33,793 INFO     ___FILE_ONLY___ 2023.09.08
2023-09-14 13:22:33,793 INFO     ___FILE_ONLY___  
2023-09-14 13:22:33,793 INFO     ___FILE_ONLY___ │ 
2023-09-14 13:22:33,793 INFO     ___FILE_ONLY___ < 1 MiB
2023-09-14 13:22:33,793 INFO     ___FILE_ONLY___  
2023-09-14 13:22:33,793 INFO     ___FILE_ONLY___ │
2023-09-14 13:22:33,793 INFO     ___FILE_ONLY___ 

2023-09-14 13:22:33,793 INFO     ___FILE_ONLY___ └───────────────────────┴────────────┴─────────┘
2023-09-14 13:22:33,793 INFO     ___FILE_ONLY___ 

2023-09-14 13:22:33,793 INFO     ___FILE_ONLY___ 

2023-09-14 13:22:33,797 DEBUG    urllib3.connectionpool Starting new HTTPS connection (1): dl.google.com:443
2023-09-14 13:22:33,889 DEBUG    urllib3.connectionpool https://dl.google.com:443 "GET /dl/cloudsdk/channels/rapid/RELEASE_NOTES HTTP/1.1" 200 1074395
2023-09-14 13:22:33,921 INFO     ___FILE_ONLY___ For the latest full release notes, please visit:
  https://cloud.google.com/sdk/release_notes


2023-09-14 13:22:33,924 INFO     ___FILE_ONLY___ ╔════════════════════════════════════════════════════════════╗

2023-09-14 13:22:33,924 INFO     ___FILE_ONLY___ ╠═ Creating update staging area                             ═╣

2023-09-14 13:22:33,924 INFO     ___FILE_ONLY___ ╚
2023-09-14 13:22:33,924 INFO     ___FILE_ONLY___ ══════
2023-09-14 13:22:34,476 INFO     ___FILE_ONLY___ ══════
2023-09-14 13:22:34,476 INFO     ___FILE_ONLY___ ══════
2023-09-14 13:22:34,705 INFO     ___FILE_ONLY___ ═
2023-09-14 13:22:34,984 INFO     ___FILE_ONLY___ ═
2023-09-14 13:22:35,117 INFO     ___FILE_ONLY___ ═
2023-09-14 13:22:35,209 INFO     ___FILE_ONLY___ ═
2023-09-14 13:22:35,335 INFO     ___FILE_ONLY___ ═
2023-09-14 13:22:35,389 INFO     ___FILE_ONLY___ ═
2023-09-14 13:22:35,517 INFO     ___FILE_ONLY___ ═
2023-09-14 13:22:35,639 INFO     ___FILE_ONLY___ ═
2023-09-14 13:22:35,720 INFO     ___FILE_ONLY___ ═
2023-09-14 13:22:35,811 INFO     ___FILE_ONLY___ ═
2023-09-14 13:22:35,901 INFO     ___FILE_ONLY___ ═
2023-09-14 13:22:35,965 INFO     ___FILE_ONLY___ ═
2023-09-14 13:22:36,320 INFO     ___FILE_ONLY___ ═
2023-09-14 13:22:36,390 INFO     ___FILE_ONLY___ ═
2023-09-14 13:22:36,449 INFO     ___FILE_ONLY___ ═
2023-09-14 13:22:36,510 INFO     ___FILE_ONLY___ ═
2023-09-14 13:22:36,558 INFO     ___FILE_ONLY___ ═
2023-09-14 13:22:36,600 INFO     ___FILE_ONLY___ ═
2023-09-14 13:22:36,640 INFO     ___FILE_ONLY___ ═
2023-09-14 13:22:36,695 INFO     ___FILE_ONLY___ ═
2023-09-14 13:22:36,751 INFO     ___FILE_ONLY___ ═
2023-09-14 13:22:36,802 INFO     ___FILE_ONLY___ ═
2023-09-14 13:22:36,853 INFO     ___FILE_ONLY___ ═
2023-09-14 13:22:36,903 INFO     ___FILE_ONLY___ ═
2023-09-14 13:22:36,958 INFO     ___FILE_ONLY___ ═
2023-09-14 13:22:37,008 INFO     ___FILE_ONLY___ ═
2023-09-14 13:22:37,060 INFO     ___FILE_ONLY___ ═
2023-09-14 13:22:37,127 INFO     ___FILE_ONLY___ ═
2023-09-14 13:22:37,182 INFO     ___FILE_ONLY___ ═
2023-09-14 13:22:37,299 INFO     ___FILE_ONLY___ ═
2023-09-14 13:22:37,359 INFO     ___FILE_ONLY___ ═
2023-09-14 13:22:37,410 INFO     ___FILE_ONLY___ ═
2023-09-14 13:22:37,480 INFO     ___FILE_ONLY___ ═
2023-09-14 13:22:37,542 INFO     ___FILE_ONLY___ ═
2023-09-14 13:22:37,606 INFO     ___FILE_ONLY___ ═
2023-09-14 13:22:37,670 INFO     ___FILE_ONLY___ ═
2023-09-14 13:22:37,720 INFO     ___FILE_ONLY___ ═
2023-09-14 13:22:37,782 INFO     ___FILE_ONLY___ ═
2023-09-14 13:22:37,850 INFO     ___FILE_ONLY___ ═
2023-09-14 13:22:37,906 INFO     ___FILE_ONLY___ ═
2023-09-14 13:22:37,962 INFO     ___FILE_ONLY___ ═
2023-09-14 13:22:38,030 INFO     ___FILE_ONLY___ ═
2023-09-14 13:22:38,030 INFO     ___FILE_ONLY___ ╝

2023-09-14 13:22:40,182 INFO     ___FILE_ONLY___ ╔════════════════════════════════════════════════════════════╗

2023-09-14 13:22:40,182 INFO     ___FILE_ONLY___ ╠═ Installing: gcloud Alpha Commands                        ═╣

2023-09-14 13:22:40,182 INFO     ___FILE_ONLY___ ╚
2023-09-14 13:22:40,186 DEBUG    urllib3.connectionpool Starting new HTTPS connection (1): dl.google.com:443
2023-09-14 13:22:40,270 DEBUG    urllib3.connectionpool https://dl.google.com:443 "GET /dl/cloudsdk/channels/rapid/components/google-cloud-sdk-alpha-20230908131923.tar.gz HTTP/1.1" 200 800
2023-09-14 13:22:40,271 INFO     ___FILE_ONLY___ ══════════════════════════════
2023-09-14 13:22:40,273 INFO     ___FILE_ONLY___ ══════════════════════════════
2023-09-14 13:22:40,273 INFO     ___FILE_ONLY___ ╝

2023-09-14 13:22:40,282 INFO     ___FILE_ONLY___ ╔════════════════════════════════════════════════════════════╗

2023-09-14 13:22:40,282 INFO     ___FILE_ONLY___ ╠═ Installing: gcloud Beta Commands                         ═╣

2023-09-14 13:22:40,282 INFO     ___FILE_ONLY___ ╚
2023-09-14 13:22:40,286 DEBUG    urllib3.connectionpool Starting new HTTPS connection (1): dl.google.com:443
2023-09-14 13:22:40,370 DEBUG    urllib3.connectionpool https://dl.google.com:443 "GET /dl/cloudsdk/channels/rapid/components/google-cloud-sdk-beta-20230908131923.tar.gz HTTP/1.1" 200 797
2023-09-14 13:22:40,371 INFO     ___FILE_ONLY___ ══════════════════════════════
2023-09-14 13:22:40,372 INFO     ___FILE_ONLY___ ══════════════════════════════
2023-09-14 13:22:40,372 INFO     ___FILE_ONLY___ ╝

2023-09-14 13:22:40,380 INFO     ___FILE_ONLY___ ╔════════════════════════════════════════════════════════════╗

2023-09-14 13:22:40,380 INFO     ___FILE_ONLY___ ╠═ Creating backup and activating new installation          ═╣

2023-09-14 13:22:40,380 INFO     ___FILE_ONLY___ ╚
2023-09-14 13:22:40,381 DEBUG    root            Attempting to move directory [/tools/google-cloud-sdk] to [/tools/google-cloud-sdk.staging/.install/.backup]
2023-09-14 13:22:40,381 INFO     ___FILE_ONLY___ ══════════════════════════════
2023-09-14 13:22:40,381 DEBUG    root            Attempting to move directory [/tools/google-cloud-sdk.staging] to [/tools/google-cloud-sdk]
2023-09-14 13:22:40,381 INFO     ___FILE_ONLY___ ══════════════════════════════
2023-09-14 13:22:40,381 INFO     ___FILE_ONLY___ ╝

2023-09-14 13:22:40,385 DEBUG    root            Updating notification cache...
2023-09-14 13:22:40,385 INFO     ___FILE_ONLY___ 

2023-09-14 13:22:40,387 INFO     ___FILE_ONLY___ Performing post processing steps...
2023-09-14 13:22:40,388 DEBUG    root            Executing command: ['python3', '-S', '/tools/google-cloud-sdk/lib/gcloud.py', 'components', 'post-process']
2023-09-14 13:23:05,386 DEBUG    ___FILE_ONLY___ 
2023-09-14 13:23:05,387 DEBUG    ___FILE_ONLY___ 
2023-09-14 13:23:05,426 INFO     ___FILE_ONLY___ 
Update done!


2023-09-14 13:23:05,429 DEBUG    root            Chosen display Format:none
2023-09-14 13:23:05,430 INFO     root            Display format: "none"
