2023-09-14 13:21:43,004 DEBUG    root            Loaded Command Group: ['gcloud', 'components']
2023-09-14 13:21:43,008 DEBUG    root            Loaded Command Group: ['gcloud', 'components', 'update']
2023-09-14 13:21:43,010 DEBUG    root            Running [gcloud.components.update] with arguments: [--allow-no-backup: "True", --compile-python: "True", --quiet: "True", COMPONENT-IDS:7: "['core', 'gcloud-deps', 'bq', 'gcloud', 'gcloud-crc32c', 'gsutil', 'anthoscli']"]
2023-09-14 13:21:43,011 INFO     ___FILE_ONLY___ Beginning update. This process may take several minutes.

2023-09-14 13:21:55,068 DEBUG    urllib3.connectionpool Starting new HTTPS connection (1): dl.google.com:443
2023-09-14 13:21:55,152 DEBUG    urllib3.connectionpool https://dl.google.com:443 "GET /dl/cloudsdk/channels/rapid/components-2.json HTTP/1.1" 200 209937
2023-09-14 13:21:55,168 INFO     ___FILE_ONLY___ 

2023-09-14 13:21:55,168 INFO     ___FILE_ONLY___ 
Your current Google Cloud CLI version is: 446.0.0

2023-09-14 13:21:55,168 INFO     ___FILE_ONLY___ Installing components from version: 446.0.0

2023-09-14 13:21:55,168 INFO     ___FILE_ONLY___ 

2023-09-14 13:21:55,169 DEBUG    root            Chosen display Format:table[box,title="These components will be removed."](details.display_name:label=Name:align=left,version.version_string:label=Version:align=right,data.size.size(zero="",min=1048576):label=Size:align=right)
2023-09-14 13:21:55,169 DEBUG    root            Chosen display Format:table[box,title="These components will be updated."](details.display_name:label=Name:align=left,version.version_string:label=Version:align=right,data.size.size(zero="",min=1048576):label=Size:align=right)
2023-09-14 13:21:55,170 DEBUG    root            Chosen display Format:table[box,title="These components will be installed."](details.display_name:label=Name:align=left,version.version_string:label=Version:align=right,data.size.size(zero="",min=1048576):label=Size:align=right)
2023-09-14 13:21:55,176 INFO     ___FILE_ONLY___ ┌─────────────────────────────────────────────────────────────────────────────┐
2023-09-14 13:21:55,176 INFO     ___FILE_ONLY___ 

2023-09-14 13:21:55,176 INFO     ___FILE_ONLY___ │                     These components will be installed.                     │
2023-09-14 13:21:55,176 INFO     ___FILE_ONLY___ 

2023-09-14 13:21:55,177 INFO     ___FILE_ONLY___ ├─────────────────────────────────────────────────────┬────────────┬──────────┤
2023-09-14 13:21:55,177 INFO     ___FILE_ONLY___ 

2023-09-14 13:21:55,177 INFO     ___FILE_ONLY___ │                         Name                        │  Version   │   Size   │
2023-09-14 13:21:55,177 INFO     ___FILE_ONLY___ 

2023-09-14 13:21:55,177 INFO     ___FILE_ONLY___ ├─────────────────────────────────────────────────────┼────────────┼──────────┤
2023-09-14 13:21:55,177 INFO     ___FILE_ONLY___ 

2023-09-14 13:21:55,177 INFO     ___FILE_ONLY___ │ 
2023-09-14 13:21:55,177 INFO     ___FILE_ONLY___ BigQuery Command Line Tool                         
2023-09-14 13:21:55,177 INFO     ___FILE_ONLY___  
2023-09-14 13:21:55,177 INFO     ___FILE_ONLY___ │ 
2023-09-14 13:21:55,177 INFO     ___FILE_ONLY___     2.0.98
2023-09-14 13:21:55,177 INFO     ___FILE_ONLY___  
2023-09-14 13:21:55,177 INFO     ___FILE_ONLY___ │ 
2023-09-14 13:21:55,177 INFO     ___FILE_ONLY___  1.6 MiB
2023-09-14 13:21:55,177 INFO     ___FILE_ONLY___  
2023-09-14 13:21:55,178 INFO     ___FILE_ONLY___ │
2023-09-14 13:21:55,178 INFO     ___FILE_ONLY___ 

2023-09-14 13:21:55,178 INFO     ___FILE_ONLY___ │ 
2023-09-14 13:21:55,178 INFO     ___FILE_ONLY___ BigQuery Command Line Tool (Platform Specific)     
2023-09-14 13:21:55,178 INFO     ___FILE_ONLY___  
2023-09-14 13:21:55,178 INFO     ___FILE_ONLY___ │ 
2023-09-14 13:21:55,178 INFO     ___FILE_ONLY___     2.0.98
2023-09-14 13:21:55,178 INFO     ___FILE_ONLY___  
2023-09-14 13:21:55,178 INFO     ___FILE_ONLY___ │ 
2023-09-14 13:21:55,178 INFO     ___FILE_ONLY___  < 1 MiB
2023-09-14 13:21:55,178 INFO     ___FILE_ONLY___  
2023-09-14 13:21:55,178 INFO     ___FILE_ONLY___ │
2023-09-14 13:21:55,178 INFO     ___FILE_ONLY___ 

2023-09-14 13:21:55,178 INFO     ___FILE_ONLY___ │ 
2023-09-14 13:21:55,178 INFO     ___FILE_ONLY___ Bundled Python 3.9                                 
2023-09-14 13:21:55,179 INFO     ___FILE_ONLY___  
2023-09-14 13:21:55,179 INFO     ___FILE_ONLY___ │ 
2023-09-14 13:21:55,179 INFO     ___FILE_ONLY___     3.9.16
2023-09-14 13:21:55,179 INFO     ___FILE_ONLY___  
2023-09-14 13:21:55,179 INFO     ___FILE_ONLY___ │ 
2023-09-14 13:21:55,179 INFO     ___FILE_ONLY___ 63.6 MiB
2023-09-14 13:21:55,179 INFO     ___FILE_ONLY___  
2023-09-14 13:21:55,179 INFO     ___FILE_ONLY___ │
2023-09-14 13:21:55,179 INFO     ___FILE_ONLY___ 

2023-09-14 13:21:55,179 INFO     ___FILE_ONLY___ │ 
2023-09-14 13:21:55,179 INFO     ___FILE_ONLY___ Cloud Storage Command Line Tool                    
2023-09-14 13:21:55,179 INFO     ___FILE_ONLY___  
2023-09-14 13:21:55,179 INFO     ___FILE_ONLY___ │ 
2023-09-14 13:21:55,179 INFO     ___FILE_ONLY___       5.25
2023-09-14 13:21:55,179 INFO     ___FILE_ONLY___  
2023-09-14 13:21:55,179 INFO     ___FILE_ONLY___ │ 
2023-09-14 13:21:55,179 INFO     ___FILE_ONLY___ 11.3 MiB
2023-09-14 13:21:55,180 INFO     ___FILE_ONLY___  
2023-09-14 13:21:55,180 INFO     ___FILE_ONLY___ │
2023-09-14 13:21:55,180 INFO     ___FILE_ONLY___ 

2023-09-14 13:21:55,180 INFO     ___FILE_ONLY___ │ 
2023-09-14 13:21:55,180 INFO     ___FILE_ONLY___ Cloud Storage Command Line Tool (Platform Specific)
2023-09-14 13:21:55,180 INFO     ___FILE_ONLY___  
2023-09-14 13:21:55,180 INFO     ___FILE_ONLY___ │ 
2023-09-14 13:21:55,180 INFO     ___FILE_ONLY___       5.25
2023-09-14 13:21:55,180 INFO     ___FILE_ONLY___  
2023-09-14 13:21:55,180 INFO     ___FILE_ONLY___ │ 
2023-09-14 13:21:55,180 INFO     ___FILE_ONLY___  < 1 MiB
2023-09-14 13:21:55,180 INFO     ___FILE_ONLY___  
2023-09-14 13:21:55,180 INFO     ___FILE_ONLY___ │
2023-09-14 13:21:55,180 INFO     ___FILE_ONLY___ 

2023-09-14 13:21:55,181 INFO     ___FILE_ONLY___ │ 
2023-09-14 13:21:55,181 INFO     ___FILE_ONLY___ Google Cloud CLI Core Libraries (Platform Specific)
2023-09-14 13:21:55,181 INFO     ___FILE_ONLY___  
2023-09-14 13:21:55,181 INFO     ___FILE_ONLY___ │ 
2023-09-14 13:21:55,181 INFO     ___FILE_ONLY___ 2023.09.08
2023-09-14 13:21:55,181 INFO     ___FILE_ONLY___  
2023-09-14 13:21:55,181 INFO     ___FILE_ONLY___ │ 
2023-09-14 13:21:55,181 INFO     ___FILE_ONLY___  < 1 MiB
2023-09-14 13:21:55,181 INFO     ___FILE_ONLY___  
2023-09-14 13:21:55,181 INFO     ___FILE_ONLY___ │
2023-09-14 13:21:55,181 INFO     ___FILE_ONLY___ 

2023-09-14 13:21:55,182 INFO     ___FILE_ONLY___ │ 
2023-09-14 13:21:55,182 INFO     ___FILE_ONLY___ Google Cloud CRC32C Hash Tool                      
2023-09-14 13:21:55,182 INFO     ___FILE_ONLY___  
2023-09-14 13:21:55,182 INFO     ___FILE_ONLY___ │ 
2023-09-14 13:21:55,182 INFO     ___FILE_ONLY___      1.0.0
2023-09-14 13:21:55,182 INFO     ___FILE_ONLY___  
2023-09-14 13:21:55,182 INFO     ___FILE_ONLY___ │ 
2023-09-14 13:21:55,182 INFO     ___FILE_ONLY___  1.2 MiB
2023-09-14 13:21:55,182 INFO     ___FILE_ONLY___  
2023-09-14 13:21:55,182 INFO     ___FILE_ONLY___ │
2023-09-14 13:21:55,182 INFO     ___FILE_ONLY___ 

2023-09-14 13:21:55,182 INFO     ___FILE_ONLY___ │ 
2023-09-14 13:21:55,182 INFO     ___FILE_ONLY___ anthoscli                                          
2023-09-14 13:21:55,182 INFO     ___FILE_ONLY___  
2023-09-14 13:21:55,182 INFO     ___FILE_ONLY___ │ 
2023-09-14 13:21:55,183 INFO     ___FILE_ONLY___     0.2.39
2023-09-14 13:21:55,183 INFO     ___FILE_ONLY___  
2023-09-14 13:21:55,183 INFO     ___FILE_ONLY___ │ 
2023-09-14 13:21:55,183 INFO     ___FILE_ONLY___ 68.4 MiB
2023-09-14 13:21:55,183 INFO     ___FILE_ONLY___  
2023-09-14 13:21:55,183 INFO     ___FILE_ONLY___ │
2023-09-14 13:21:55,183 INFO     ___FILE_ONLY___ 

2023-09-14 13:21:55,183 INFO     ___FILE_ONLY___ │ 
2023-09-14 13:21:55,183 INFO     ___FILE_ONLY___ gcloud cli dependencies                            
2023-09-14 13:21:55,183 INFO     ___FILE_ONLY___  
2023-09-14 13:21:55,183 INFO     ___FILE_ONLY___ │ 
2023-09-14 13:21:55,184 INFO     ___FILE_ONLY___ 2021.04.16
2023-09-14 13:21:55,184 INFO     ___FILE_ONLY___  
2023-09-14 13:21:55,184 INFO     ___FILE_ONLY___ │ 
2023-09-14 13:21:55,184 INFO     ___FILE_ONLY___  < 1 MiB
2023-09-14 13:21:55,184 INFO     ___FILE_ONLY___  
2023-09-14 13:21:55,184 INFO     ___FILE_ONLY___ │
2023-09-14 13:21:55,184 INFO     ___FILE_ONLY___ 

2023-09-14 13:21:55,184 INFO     ___FILE_ONLY___ └─────────────────────────────────────────────────────┴────────────┴──────────┘
2023-09-14 13:21:55,184 INFO     ___FILE_ONLY___ 

2023-09-14 13:21:55,184 INFO     ___FILE_ONLY___ 

2023-09-14 13:21:55,188 DEBUG    urllib3.connectionpool Starting new HTTPS connection (1): dl.google.com:443
2023-09-14 13:21:55,285 DEBUG    urllib3.connectionpool https://dl.google.com:443 "GET /dl/cloudsdk/channels/rapid/RELEASE_NOTES HTTP/1.1" 200 1074395
2023-09-14 13:21:55,315 INFO     ___FILE_ONLY___ For the latest full release notes, please visit:
  https://cloud.google.com/sdk/release_notes


2023-09-14 13:21:55,318 INFO     ___FILE_ONLY___ ╔════════════════════════════════════════════════════════════╗

2023-09-14 13:21:55,318 INFO     ___FILE_ONLY___ ╠═ Creating update staging area                             ═╣

2023-09-14 13:21:55,318 INFO     ___FILE_ONLY___ ╚
2023-09-14 13:21:55,318 INFO     ___FILE_ONLY___ ══════
2023-09-14 13:21:55,319 INFO     ___FILE_ONLY___ ══════
2023-09-14 13:21:55,319 INFO     ___FILE_ONLY___ ══════
2023-09-14 13:21:55,609 INFO     ___FILE_ONLY___ ═
2023-09-14 13:21:55,651 INFO     ___FILE_ONLY___ ═
2023-09-14 13:21:55,702 INFO     ___FILE_ONLY___ ═
2023-09-14 13:21:55,742 INFO     ___FILE_ONLY___ ═
2023-09-14 13:21:55,779 INFO     ___FILE_ONLY___ ═
2023-09-14 13:21:55,826 INFO     ___FILE_ONLY___ ═
2023-09-14 13:21:55,868 INFO     ___FILE_ONLY___ ═
2023-09-14 13:21:55,909 INFO     ___FILE_ONLY___ ═
2023-09-14 13:21:55,948 INFO     ___FILE_ONLY___ ═
2023-09-14 13:21:55,990 INFO     ___FILE_ONLY___ ═
2023-09-14 13:21:56,044 INFO     ___FILE_ONLY___ ═
2023-09-14 13:21:56,086 INFO     ___FILE_ONLY___ ═
2023-09-14 13:21:56,132 INFO     ___FILE_ONLY___ ═
2023-09-14 13:21:56,199 INFO     ___FILE_ONLY___ ═
2023-09-14 13:21:56,250 INFO     ___FILE_ONLY___ ═
2023-09-14 13:21:56,293 INFO     ___FILE_ONLY___ ═
2023-09-14 13:21:56,335 INFO     ___FILE_ONLY___ ═
2023-09-14 13:21:56,386 INFO     ___FILE_ONLY___ ═
2023-09-14 13:21:56,434 INFO     ___FILE_ONLY___ ═
2023-09-14 13:21:56,483 INFO     ___FILE_ONLY___ ═
2023-09-14 13:21:56,529 INFO     ___FILE_ONLY___ ═
2023-09-14 13:21:56,583 INFO     ___FILE_ONLY___ ═
2023-09-14 13:21:56,631 INFO     ___FILE_ONLY___ ═
2023-09-14 13:21:56,684 INFO     ___FILE_ONLY___ ═
2023-09-14 13:21:56,744 INFO     ___FILE_ONLY___ ═
2023-09-14 13:21:56,789 INFO     ___FILE_ONLY___ ═
2023-09-14 13:21:56,839 INFO     ___FILE_ONLY___ ═
2023-09-14 13:21:56,893 INFO     ___FILE_ONLY___ ═
2023-09-14 13:21:56,941 INFO     ___FILE_ONLY___ ═
2023-09-14 13:21:56,990 INFO     ___FILE_ONLY___ ═
2023-09-14 13:21:57,039 INFO     ___FILE_ONLY___ ═
2023-09-14 13:21:57,089 INFO     ___FILE_ONLY___ ═
2023-09-14 13:21:57,143 INFO     ___FILE_ONLY___ ═
2023-09-14 13:21:57,290 INFO     ___FILE_ONLY___ ═
2023-09-14 13:21:57,319 INFO     ___FILE_ONLY___ ═
2023-09-14 13:21:57,344 INFO     ___FILE_ONLY___ ═
2023-09-14 13:21:57,376 INFO     ___FILE_ONLY___ ═
2023-09-14 13:21:57,400 INFO     ___FILE_ONLY___ ═
2023-09-14 13:21:57,426 INFO     ___FILE_ONLY___ ═
2023-09-14 13:21:57,459 INFO     ___FILE_ONLY___ ═
2023-09-14 13:21:57,521 INFO     ___FILE_ONLY___ ═
2023-09-14 13:21:57,567 INFO     ___FILE_ONLY___ ═
2023-09-14 13:21:57,567 INFO     ___FILE_ONLY___ ╝

2023-09-14 13:21:57,750 INFO     ___FILE_ONLY___ ╔════════════════════════════════════════════════════════════╗

2023-09-14 13:21:57,750 INFO     ___FILE_ONLY___ ╠═ Installing: BigQuery Command Line Tool                   ═╣

2023-09-14 13:21:57,750 INFO     ___FILE_ONLY___ ╚
2023-09-14 13:21:57,754 DEBUG    urllib3.connectionpool Starting new HTTPS connection (1): dl.google.com:443
2023-09-14 13:21:57,848 DEBUG    urllib3.connectionpool https://dl.google.com:443 "GET /dl/cloudsdk/channels/rapid/components/google-cloud-sdk-bq-20230908131923.tar.gz HTTP/1.1" 200 1659622
2023-09-14 13:21:57,859 INFO     ___FILE_ONLY___ ═
2023-09-14 13:21:57,859 INFO     ___FILE_ONLY___ ═
2023-09-14 13:21:57,859 INFO     ___FILE_ONLY___ ═
2023-09-14 13:21:57,859 INFO     ___FILE_ONLY___ ═
2023-09-14 13:21:57,859 INFO     ___FILE_ONLY___ ═
2023-09-14 13:21:57,859 INFO     ___FILE_ONLY___ ═
2023-09-14 13:21:57,860 INFO     ___FILE_ONLY___ ═
2023-09-14 13:21:57,860 INFO     ___FILE_ONLY___ ═
2023-09-14 13:21:57,860 INFO     ___FILE_ONLY___ ═
2023-09-14 13:21:57,860 INFO     ___FILE_ONLY___ ═
2023-09-14 13:21:57,860 INFO     ___FILE_ONLY___ ═
2023-09-14 13:21:57,860 INFO     ___FILE_ONLY___ ═
2023-09-14 13:21:57,860 INFO     ___FILE_ONLY___ ═
2023-09-14 13:21:57,861 INFO     ___FILE_ONLY___ ═
2023-09-14 13:21:57,861 INFO     ___FILE_ONLY___ ═
2023-09-14 13:21:57,861 INFO     ___FILE_ONLY___ ═
2023-09-14 13:21:57,861 INFO     ___FILE_ONLY___ ═
2023-09-14 13:21:57,861 INFO     ___FILE_ONLY___ ═
2023-09-14 13:21:57,861 INFO     ___FILE_ONLY___ ═
2023-09-14 13:21:57,861 INFO     ___FILE_ONLY___ ═
2023-09-14 13:21:57,862 INFO     ___FILE_ONLY___ ═
2023-09-14 13:21:57,862 INFO     ___FILE_ONLY___ ═
2023-09-14 13:21:57,862 INFO     ___FILE_ONLY___ ═
2023-09-14 13:21:57,862 INFO     ___FILE_ONLY___ ═
2023-09-14 13:21:57,862 INFO     ___FILE_ONLY___ ═
2023-09-14 13:21:57,862 INFO     ___FILE_ONLY___ ═
2023-09-14 13:21:57,862 INFO     ___FILE_ONLY___ ═
2023-09-14 13:21:57,862 INFO     ___FILE_ONLY___ ═
2023-09-14 13:21:57,863 INFO     ___FILE_ONLY___ ═
2023-09-14 13:21:57,863 INFO     ___FILE_ONLY___ ═
2023-09-14 13:21:57,977 INFO     ___FILE_ONLY___ ═
2023-09-14 13:21:57,981 INFO     ___FILE_ONLY___ ═
2023-09-14 13:21:57,985 INFO     ___FILE_ONLY___ ═
2023-09-14 13:21:57,989 INFO     ___FILE_ONLY___ ═
2023-09-14 13:21:57,992 INFO     ___FILE_ONLY___ ═
2023-09-14 13:21:57,996 INFO     ___FILE_ONLY___ ═
2023-09-14 13:21:58,001 INFO     ___FILE_ONLY___ ═
2023-09-14 13:21:58,005 INFO     ___FILE_ONLY___ ═
2023-09-14 13:21:58,009 INFO     ___FILE_ONLY___ ═
2023-09-14 13:21:58,011 INFO     ___FILE_ONLY___ ═
2023-09-14 13:21:58,015 INFO     ___FILE_ONLY___ ═
2023-09-14 13:21:58,018 INFO     ___FILE_ONLY___ ═
2023-09-14 13:21:58,024 INFO     ___FILE_ONLY___ ═
2023-09-14 13:21:58,027 INFO     ___FILE_ONLY___ ═
2023-09-14 13:21:58,031 INFO     ___FILE_ONLY___ ═
2023-09-14 13:21:58,035 INFO     ___FILE_ONLY___ ═
2023-09-14 13:21:58,038 INFO     ___FILE_ONLY___ ═
2023-09-14 13:21:58,043 INFO     ___FILE_ONLY___ ═
2023-09-14 13:21:58,048 INFO     ___FILE_ONLY___ ═
2023-09-14 13:21:58,053 INFO     ___FILE_ONLY___ ═
2023-09-14 13:21:58,056 INFO     ___FILE_ONLY___ ═
2023-09-14 13:21:58,063 INFO     ___FILE_ONLY___ ═
2023-09-14 13:21:58,069 INFO     ___FILE_ONLY___ ═
2023-09-14 13:21:58,073 INFO     ___FILE_ONLY___ ═
2023-09-14 13:21:58,076 INFO     ___FILE_ONLY___ ═
2023-09-14 13:21:58,080 INFO     ___FILE_ONLY___ ═
2023-09-14 13:21:58,084 INFO     ___FILE_ONLY___ ═
2023-09-14 13:21:58,088 INFO     ___FILE_ONLY___ ═
2023-09-14 13:21:58,091 INFO     ___FILE_ONLY___ ═
2023-09-14 13:21:58,095 INFO     ___FILE_ONLY___ ═
2023-09-14 13:21:58,095 INFO     ___FILE_ONLY___ ╝

2023-09-14 13:21:58,108 INFO     ___FILE_ONLY___ ╔════════════════════════════════════════════════════════════╗

2023-09-14 13:21:58,109 INFO     ___FILE_ONLY___ ╠═ Installing: BigQuery Command Line Tool (Platform Spec... ═╣

2023-09-14 13:21:58,109 INFO     ___FILE_ONLY___ ╚
2023-09-14 13:21:58,112 DEBUG    urllib3.connectionpool Starting new HTTPS connection (1): dl.google.com:443
2023-09-14 13:21:58,200 DEBUG    urllib3.connectionpool https://dl.google.com:443 "GET /dl/cloudsdk/channels/rapid/components/google-cloud-sdk-bq-nix-20230908131923.tar.gz HTTP/1.1" 200 1947
2023-09-14 13:21:58,201 INFO     ___FILE_ONLY___ ══════════════════════════════
2023-09-14 13:21:58,202 INFO     ___FILE_ONLY___ ══════════════════════════════
2023-09-14 13:21:58,202 INFO     ___FILE_ONLY___ ╝

2023-09-14 13:21:58,210 INFO     ___FILE_ONLY___ ╔════════════════════════════════════════════════════════════╗

2023-09-14 13:21:58,210 INFO     ___FILE_ONLY___ ╠═ Installing: Bundled Python 3.9                           ═╣

2023-09-14 13:21:58,211 INFO     ___FILE_ONLY___ ╚
2023-09-14 13:21:58,215 INFO     ___FILE_ONLY___ ════════════════════════════════════════════════════════════
2023-09-14 13:21:58,215 INFO     ___FILE_ONLY___ ╝

2023-09-14 13:21:58,217 INFO     ___FILE_ONLY___ ╔════════════════════════════════════════════════════════════╗

2023-09-14 13:21:58,217 INFO     ___FILE_ONLY___ ╠═ Installing: Bundled Python 3.9                           ═╣

2023-09-14 13:21:58,217 INFO     ___FILE_ONLY___ ╚
2023-09-14 13:21:58,221 DEBUG    urllib3.connectionpool Starting new HTTPS connection (1): dl.google.com:443
2023-09-14 13:21:58,334 DEBUG    urllib3.connectionpool https://dl.google.com:443 "GET /dl/cloudsdk/channels/rapid/components/google-cloud-sdk-bundled-python3-unix-linux-x86_64-20230707144938.tar.gz HTTP/1.1" 200 66719069
2023-09-14 13:21:59,418 INFO     ___FILE_ONLY___ ═
2023-09-14 13:21:59,420 INFO     ___FILE_ONLY___ ═
2023-09-14 13:21:59,423 INFO     ___FILE_ONLY___ ═
2023-09-14 13:21:59,425 INFO     ___FILE_ONLY___ ═
2023-09-14 13:21:59,427 INFO     ___FILE_ONLY___ ═
2023-09-14 13:21:59,430 INFO     ___FILE_ONLY___ ═
2023-09-14 13:21:59,432 INFO     ___FILE_ONLY___ ═
2023-09-14 13:21:59,435 INFO     ___FILE_ONLY___ ═
2023-09-14 13:21:59,437 INFO     ___FILE_ONLY___ ═
2023-09-14 13:21:59,439 INFO     ___FILE_ONLY___ ═
2023-09-14 13:21:59,442 INFO     ___FILE_ONLY___ ═
2023-09-14 13:21:59,444 INFO     ___FILE_ONLY___ ═
2023-09-14 13:21:59,446 INFO     ___FILE_ONLY___ ═
2023-09-14 13:21:59,448 INFO     ___FILE_ONLY___ ═
2023-09-14 13:21:59,451 INFO     ___FILE_ONLY___ ═
2023-09-14 13:21:59,453 INFO     ___FILE_ONLY___ ═
2023-09-14 13:21:59,455 INFO     ___FILE_ONLY___ ═
2023-09-14 13:21:59,458 INFO     ___FILE_ONLY___ ═
2023-09-14 13:21:59,460 INFO     ___FILE_ONLY___ ═
2023-09-14 13:21:59,463 INFO     ___FILE_ONLY___ ═
2023-09-14 13:21:59,465 INFO     ___FILE_ONLY___ ═
2023-09-14 13:21:59,467 INFO     ___FILE_ONLY___ ═
2023-09-14 13:21:59,470 INFO     ___FILE_ONLY___ ═
2023-09-14 13:21:59,472 INFO     ___FILE_ONLY___ ═
2023-09-14 13:21:59,475 INFO     ___FILE_ONLY___ ═
2023-09-14 13:21:59,477 INFO     ___FILE_ONLY___ ═
2023-09-14 13:21:59,480 INFO     ___FILE_ONLY___ ═
2023-09-14 13:21:59,482 INFO     ___FILE_ONLY___ ═
2023-09-14 13:21:59,485 INFO     ___FILE_ONLY___ ═
2023-09-14 13:21:59,487 INFO     ___FILE_ONLY___ ═
2023-09-14 13:22:01,397 INFO     ___FILE_ONLY___ ═
2023-09-14 13:22:01,411 INFO     ___FILE_ONLY___ ═
2023-09-14 13:22:01,427 INFO     ___FILE_ONLY___ ═
2023-09-14 13:22:01,442 INFO     ___FILE_ONLY___ ═
2023-09-14 13:22:01,456 INFO     ___FILE_ONLY___ ═
2023-09-14 13:22:01,474 INFO     ___FILE_ONLY___ ═
2023-09-14 13:22:01,493 INFO     ___FILE_ONLY___ ═
2023-09-14 13:22:01,515 INFO     ___FILE_ONLY___ ═
2023-09-14 13:22:01,533 INFO     ___FILE_ONLY___ ═
2023-09-14 13:22:01,547 INFO     ___FILE_ONLY___ ═
2023-09-14 13:22:01,568 INFO     ___FILE_ONLY___ ═
2023-09-14 13:22:01,587 INFO     ___FILE_ONLY___ ═
2023-09-14 13:22:01,602 INFO     ___FILE_ONLY___ ═
2023-09-14 13:22:01,722 INFO     ___FILE_ONLY___ ═
2023-09-14 13:22:01,735 INFO     ___FILE_ONLY___ ═
2023-09-14 13:22:01,828 INFO     ___FILE_ONLY___ ═
2023-09-14 13:22:01,851 INFO     ___FILE_ONLY___ ═
2023-09-14 13:22:01,871 INFO     ___FILE_ONLY___ ═
2023-09-14 13:22:01,889 INFO     ___FILE_ONLY___ ═
2023-09-14 13:22:01,925 INFO     ___FILE_ONLY___ ═
2023-09-14 13:22:01,939 INFO     ___FILE_ONLY___ ═
2023-09-14 13:22:01,952 INFO     ___FILE_ONLY___ ═
2023-09-14 13:22:01,966 INFO     ___FILE_ONLY___ ═
2023-09-14 13:22:01,983 INFO     ___FILE_ONLY___ ═
2023-09-14 13:22:02,002 INFO     ___FILE_ONLY___ ═
2023-09-14 13:22:02,020 INFO     ___FILE_ONLY___ ═
2023-09-14 13:22:02,627 INFO     ___FILE_ONLY___ ═
2023-09-14 13:22:02,909 INFO     ___FILE_ONLY___ ═
2023-09-14 13:22:02,921 INFO     ___FILE_ONLY___ ═
2023-09-14 13:22:02,933 INFO     ___FILE_ONLY___ ═
2023-09-14 13:22:02,933 INFO     ___FILE_ONLY___ ╝

2023-09-14 13:22:02,978 INFO     ___FILE_ONLY___ ╔════════════════════════════════════════════════════════════╗

2023-09-14 13:22:02,978 INFO     ___FILE_ONLY___ ╠═ Installing: Cloud Storage Command Line Tool              ═╣

2023-09-14 13:22:02,978 INFO     ___FILE_ONLY___ ╚
2023-09-14 13:22:02,982 DEBUG    urllib3.connectionpool Starting new HTTPS connection (1): dl.google.com:443
2023-09-14 13:22:03,194 DEBUG    urllib3.connectionpool https://dl.google.com:443 "GET /dl/cloudsdk/channels/rapid/components/google-cloud-sdk-gsutil-20230707144938.tar.gz HTTP/1.1" 200 11823782
2023-09-14 13:22:03,327 INFO     ___FILE_ONLY___ ═
2023-09-14 13:22:03,328 INFO     ___FILE_ONLY___ ═
2023-09-14 13:22:03,328 INFO     ___FILE_ONLY___ ═
2023-09-14 13:22:03,329 INFO     ___FILE_ONLY___ ═
2023-09-14 13:22:03,329 INFO     ___FILE_ONLY___ ═
2023-09-14 13:22:03,330 INFO     ___FILE_ONLY___ ═
2023-09-14 13:22:03,330 INFO     ___FILE_ONLY___ ═
2023-09-14 13:22:03,331 INFO     ___FILE_ONLY___ ═
2023-09-14 13:22:03,331 INFO     ___FILE_ONLY___ ═
2023-09-14 13:22:03,332 INFO     ___FILE_ONLY___ ═
2023-09-14 13:22:03,332 INFO     ___FILE_ONLY___ ═
2023-09-14 13:22:03,333 INFO     ___FILE_ONLY___ ═
2023-09-14 13:22:03,333 INFO     ___FILE_ONLY___ ═
2023-09-14 13:22:03,334 INFO     ___FILE_ONLY___ ═
2023-09-14 13:22:03,334 INFO     ___FILE_ONLY___ ═
2023-09-14 13:22:03,335 INFO     ___FILE_ONLY___ ═
2023-09-14 13:22:03,335 INFO     ___FILE_ONLY___ ═
2023-09-14 13:22:03,336 INFO     ___FILE_ONLY___ ═
2023-09-14 13:22:03,336 INFO     ___FILE_ONLY___ ═
2023-09-14 13:22:03,337 INFO     ___FILE_ONLY___ ═
2023-09-14 13:22:03,337 INFO     ___FILE_ONLY___ ═
2023-09-14 13:22:03,338 INFO     ___FILE_ONLY___ ═
2023-09-14 13:22:03,338 INFO     ___FILE_ONLY___ ═
2023-09-14 13:22:03,339 INFO     ___FILE_ONLY___ ═
2023-09-14 13:22:03,339 INFO     ___FILE_ONLY___ ═
2023-09-14 13:22:03,340 INFO     ___FILE_ONLY___ ═
2023-09-14 13:22:03,340 INFO     ___FILE_ONLY___ ═
2023-09-14 13:22:03,341 INFO     ___FILE_ONLY___ ═
2023-09-14 13:22:03,341 INFO     ___FILE_ONLY___ ═
2023-09-14 13:22:03,342 INFO     ___FILE_ONLY___ ═
2023-09-14 13:22:04,024 INFO     ___FILE_ONLY___ ═
2023-09-14 13:22:04,052 INFO     ___FILE_ONLY___ ═
2023-09-14 13:22:04,076 INFO     ___FILE_ONLY___ ═
2023-09-14 13:22:04,104 INFO     ___FILE_ONLY___ ═
2023-09-14 13:22:04,121 INFO     ___FILE_ONLY___ ═
2023-09-14 13:22:04,141 INFO     ___FILE_ONLY___ ═
2023-09-14 13:22:04,161 INFO     ___FILE_ONLY___ ═
2023-09-14 13:22:04,182 INFO     ___FILE_ONLY___ ═
2023-09-14 13:22:04,205 INFO     ___FILE_ONLY___ ═
2023-09-14 13:22:04,241 INFO     ___FILE_ONLY___ ═
2023-09-14 13:22:04,271 INFO     ___FILE_ONLY___ ═
2023-09-14 13:22:04,296 INFO     ___FILE_ONLY___ ═
2023-09-14 13:22:04,331 INFO     ___FILE_ONLY___ ═
2023-09-14 13:22:04,363 INFO     ___FILE_ONLY___ ═
2023-09-14 13:22:04,393 INFO     ___FILE_ONLY___ ═
2023-09-14 13:22:04,415 INFO     ___FILE_ONLY___ ═
2023-09-14 13:22:04,433 INFO     ___FILE_ONLY___ ═
2023-09-14 13:22:04,454 INFO     ___FILE_ONLY___ ═
2023-09-14 13:22:04,477 INFO     ___FILE_ONLY___ ═
2023-09-14 13:22:04,502 INFO     ___FILE_ONLY___ ═
2023-09-14 13:22:04,530 INFO     ___FILE_ONLY___ ═
2023-09-14 13:22:04,555 INFO     ___FILE_ONLY___ ═
2023-09-14 13:22:04,578 INFO     ___FILE_ONLY___ ═
2023-09-14 13:22:04,624 INFO     ___FILE_ONLY___ ═
2023-09-14 13:22:04,650 INFO     ___FILE_ONLY___ ═
2023-09-14 13:22:04,676 INFO     ___FILE_ONLY___ ═
2023-09-14 13:22:04,699 INFO     ___FILE_ONLY___ ═
2023-09-14 13:22:04,722 INFO     ___FILE_ONLY___ ═
2023-09-14 13:22:04,748 INFO     ___FILE_ONLY___ ═
2023-09-14 13:22:04,770 INFO     ___FILE_ONLY___ ═
2023-09-14 13:22:04,770 INFO     ___FILE_ONLY___ ╝

2023-09-14 13:22:04,823 INFO     ___FILE_ONLY___ ╔════════════════════════════════════════════════════════════╗

2023-09-14 13:22:04,824 INFO     ___FILE_ONLY___ ╠═ Installing: Cloud Storage Command Line Tool (Platform... ═╣

2023-09-14 13:22:04,824 INFO     ___FILE_ONLY___ ╚
2023-09-14 13:22:04,828 DEBUG    urllib3.connectionpool Starting new HTTPS connection (1): dl.google.com:443
2023-09-14 13:22:04,917 DEBUG    urllib3.connectionpool https://dl.google.com:443 "GET /dl/cloudsdk/channels/rapid/components/google-cloud-sdk-gsutil-nix-20230908131923.tar.gz HTTP/1.1" 200 1962
2023-09-14 13:22:04,918 INFO     ___FILE_ONLY___ ══════════════════════════════
2023-09-14 13:22:04,919 INFO     ___FILE_ONLY___ ══════════════════════════════
2023-09-14 13:22:04,919 INFO     ___FILE_ONLY___ ╝

2023-09-14 13:22:04,927 INFO     ___FILE_ONLY___ ╔════════════════════════════════════════════════════════════╗

2023-09-14 13:22:04,927 INFO     ___FILE_ONLY___ ╠═ Installing: Default set of gcloud commands               ═╣

2023-09-14 13:22:04,927 INFO     ___FILE_ONLY___ ╚
2023-09-14 13:22:04,932 INFO     ___FILE_ONLY___ ════════════════════════════════════════════════════════════
2023-09-14 13:22:04,932 INFO     ___FILE_ONLY___ ╝

2023-09-14 13:22:04,934 INFO     ___FILE_ONLY___ ╔════════════════════════════════════════════════════════════╗

2023-09-14 13:22:04,934 INFO     ___FILE_ONLY___ ╠═ Installing: Google Cloud CLI Core Libraries (Platform... ═╣

2023-09-14 13:22:04,934 INFO     ___FILE_ONLY___ ╚
2023-09-14 13:22:04,938 DEBUG    urllib3.connectionpool Starting new HTTPS connection (1): dl.google.com:443
2023-09-14 13:22:05,024 DEBUG    urllib3.connectionpool https://dl.google.com:443 "GET /dl/cloudsdk/channels/rapid/components/google-cloud-sdk-core-nix-20230908131923.tar.gz HTTP/1.1" 200 2324
2023-09-14 13:22:05,024 INFO     ___FILE_ONLY___ ══════════════════════════════
2023-09-14 13:22:05,026 INFO     ___FILE_ONLY___ ═══════════════
2023-09-14 13:22:05,026 INFO     ___FILE_ONLY___ ═══════════════
2023-09-14 13:22:05,026 INFO     ___FILE_ONLY___ ╝

2023-09-14 13:22:05,073 INFO     ___FILE_ONLY___ ╔════════════════════════════════════════════════════════════╗

2023-09-14 13:22:05,073 INFO     ___FILE_ONLY___ ╠═ Installing: Google Cloud CRC32C Hash Tool                ═╣

2023-09-14 13:22:05,073 INFO     ___FILE_ONLY___ ╚
2023-09-14 13:22:05,077 DEBUG    urllib3.connectionpool Starting new HTTPS connection (1): dl.google.com:443
2023-09-14 13:22:05,168 DEBUG    urllib3.connectionpool https://dl.google.com:443 "GET /dl/cloudsdk/channels/rapid/components/google-cloud-sdk-gcloud-crc32c-linux-x86_64-20230901141909.tar.gz HTTP/1.1" 200 1288915
2023-09-14 13:22:05,178 INFO     ___FILE_ONLY___ ═
2023-09-14 13:22:05,178 INFO     ___FILE_ONLY___ ═
2023-09-14 13:22:05,179 INFO     ___FILE_ONLY___ ═
2023-09-14 13:22:05,179 INFO     ___FILE_ONLY___ ═
2023-09-14 13:22:05,179 INFO     ___FILE_ONLY___ ═
2023-09-14 13:22:05,179 INFO     ___FILE_ONLY___ ═
2023-09-14 13:22:05,179 INFO     ___FILE_ONLY___ ═
2023-09-14 13:22:05,180 INFO     ___FILE_ONLY___ ═
2023-09-14 13:22:05,180 INFO     ___FILE_ONLY___ ═
2023-09-14 13:22:05,180 INFO     ___FILE_ONLY___ ═
2023-09-14 13:22:05,180 INFO     ___FILE_ONLY___ ═
2023-09-14 13:22:05,180 INFO     ___FILE_ONLY___ ═
2023-09-14 13:22:05,181 INFO     ___FILE_ONLY___ ═
2023-09-14 13:22:05,181 INFO     ___FILE_ONLY___ ═
2023-09-14 13:22:05,181 INFO     ___FILE_ONLY___ ═
2023-09-14 13:22:05,181 INFO     ___FILE_ONLY___ ═
2023-09-14 13:22:05,181 INFO     ___FILE_ONLY___ ═
2023-09-14 13:22:05,181 INFO     ___FILE_ONLY___ ═
2023-09-14 13:22:05,182 INFO     ___FILE_ONLY___ ═
2023-09-14 13:22:05,182 INFO     ___FILE_ONLY___ ═
2023-09-14 13:22:05,182 INFO     ___FILE_ONLY___ ═
2023-09-14 13:22:05,182 INFO     ___FILE_ONLY___ ═
2023-09-14 13:22:05,182 INFO     ___FILE_ONLY___ ═
2023-09-14 13:22:05,183 INFO     ___FILE_ONLY___ ═
2023-09-14 13:22:05,183 INFO     ___FILE_ONLY___ ═
2023-09-14 13:22:05,183 INFO     ___FILE_ONLY___ ═
2023-09-14 13:22:05,183 INFO     ___FILE_ONLY___ ═
2023-09-14 13:22:05,183 INFO     ___FILE_ONLY___ ═
2023-09-14 13:22:05,183 INFO     ___FILE_ONLY___ ═
2023-09-14 13:22:05,184 INFO     ___FILE_ONLY___ ═
2023-09-14 13:22:05,218 INFO     ___FILE_ONLY___ ═══════════════
2023-09-14 13:22:05,218 INFO     ___FILE_ONLY___ ═══════════════
2023-09-14 13:22:05,218 INFO     ___FILE_ONLY___ ╝

2023-09-14 13:22:05,227 INFO     ___FILE_ONLY___ ╔════════════════════════════════════════════════════════════╗

2023-09-14 13:22:05,227 INFO     ___FILE_ONLY___ ╠═ Installing: Google Cloud CRC32C Hash Tool                ═╣

2023-09-14 13:22:05,228 INFO     ___FILE_ONLY___ ╚
2023-09-14 13:22:05,232 INFO     ___FILE_ONLY___ ════════════════════════════════════════════════════════════
2023-09-14 13:22:05,232 INFO     ___FILE_ONLY___ ╝

2023-09-14 13:22:05,234 INFO     ___FILE_ONLY___ ╔════════════════════════════════════════════════════════════╗

2023-09-14 13:22:05,234 INFO     ___FILE_ONLY___ ╠═ Installing: anthoscli                                    ═╣

2023-09-14 13:22:05,235 INFO     ___FILE_ONLY___ ╚
2023-09-14 13:22:05,239 DEBUG    urllib3.connectionpool Starting new HTTPS connection (1): dl.google.com:443
2023-09-14 13:22:05,341 DEBUG    urllib3.connectionpool https://dl.google.com:443 "GET /dl/cloudsdk/channels/rapid/components/google-cloud-sdk-anthoscli-linux-x86_64-20230811080439.tar.gz HTTP/1.1" 200 71743762
2023-09-14 13:22:06,146 INFO     ___FILE_ONLY___ ═
2023-09-14 13:22:06,149 INFO     ___FILE_ONLY___ ═
2023-09-14 13:22:06,151 INFO     ___FILE_ONLY___ ═
2023-09-14 13:22:06,154 INFO     ___FILE_ONLY___ ═
2023-09-14 13:22:06,156 INFO     ___FILE_ONLY___ ═
2023-09-14 13:22:06,159 INFO     ___FILE_ONLY___ ═
2023-09-14 13:22:06,161 INFO     ___FILE_ONLY___ ═
2023-09-14 13:22:06,164 INFO     ___FILE_ONLY___ ═
2023-09-14 13:22:06,166 INFO     ___FILE_ONLY___ ═
2023-09-14 13:22:06,169 INFO     ___FILE_ONLY___ ═
2023-09-14 13:22:06,172 INFO     ___FILE_ONLY___ ═
2023-09-14 13:22:06,174 INFO     ___FILE_ONLY___ ═
2023-09-14 13:22:06,177 INFO     ___FILE_ONLY___ ═
2023-09-14 13:22:06,179 INFO     ___FILE_ONLY___ ═
2023-09-14 13:22:06,182 INFO     ___FILE_ONLY___ ═
2023-09-14 13:22:06,184 INFO     ___FILE_ONLY___ ═
2023-09-14 13:22:06,187 INFO     ___FILE_ONLY___ ═
2023-09-14 13:22:06,189 INFO     ___FILE_ONLY___ ═
2023-09-14 13:22:06,192 INFO     ___FILE_ONLY___ ═
2023-09-14 13:22:06,194 INFO     ___FILE_ONLY___ ═
2023-09-14 13:22:06,197 INFO     ___FILE_ONLY___ ═
2023-09-14 13:22:06,199 INFO     ___FILE_ONLY___ ═
2023-09-14 13:22:06,202 INFO     ___FILE_ONLY___ ═
2023-09-14 13:22:06,204 INFO     ___FILE_ONLY___ ═
2023-09-14 13:22:06,207 INFO     ___FILE_ONLY___ ═
2023-09-14 13:22:06,210 INFO     ___FILE_ONLY___ ═
2023-09-14 13:22:06,212 INFO     ___FILE_ONLY___ ═
2023-09-14 13:22:06,215 INFO     ___FILE_ONLY___ ═
2023-09-14 13:22:06,218 INFO     ___FILE_ONLY___ ═
2023-09-14 13:22:06,220 INFO     ___FILE_ONLY___ ═
2023-09-14 13:22:08,385 INFO     ___FILE_ONLY___ ══════════
2023-09-14 13:22:08,390 INFO     ___FILE_ONLY___ ═════════
2023-09-14 13:22:08,416 INFO     ___FILE_ONLY___ ═══════════
2023-09-14 13:22:08,416 INFO     ___FILE_ONLY___ ╝

2023-09-14 13:22:08,436 INFO     ___FILE_ONLY___ ╔════════════════════════════════════════════════════════════╗

2023-09-14 13:22:08,437 INFO     ___FILE_ONLY___ ╠═ Installing: anthoscli                                    ═╣

2023-09-14 13:22:08,437 INFO     ___FILE_ONLY___ ╚
2023-09-14 13:22:08,441 INFO     ___FILE_ONLY___ ════════════════════════════════════════════════════════════
2023-09-14 13:22:08,441 INFO     ___FILE_ONLY___ ╝

2023-09-14 13:22:08,443 INFO     ___FILE_ONLY___ ╔════════════════════════════════════════════════════════════╗

2023-09-14 13:22:08,443 INFO     ___FILE_ONLY___ ╠═ Installing: gcloud cli dependencies                      ═╣

2023-09-14 13:22:08,444 INFO     ___FILE_ONLY___ ╚
2023-09-14 13:22:08,447 DEBUG    urllib3.connectionpool Starting new HTTPS connection (1): dl.google.com:443
2023-09-14 13:22:08,629 DEBUG    urllib3.connectionpool https://dl.google.com:443 "GET /dl/cloudsdk/channels/rapid/components/google-cloud-sdk-gcloud-deps-linux-x86_64-20210416153011.tar.gz HTTP/1.1" 200 104
2023-09-14 13:22:08,630 INFO     ___FILE_ONLY___ ══════════════════════════════
2023-09-14 13:22:08,630 INFO     ___FILE_ONLY___ ══════════════════════════════
2023-09-14 13:22:08,631 INFO     ___FILE_ONLY___ ╝

2023-09-14 13:22:08,639 INFO     ___FILE_ONLY___ ╔════════════════════════════════════════════════════════════╗

2023-09-14 13:22:08,639 INFO     ___FILE_ONLY___ ╠═ Creating backup and activating new installation          ═╣

2023-09-14 13:22:08,639 INFO     ___FILE_ONLY___ ╚
2023-09-14 13:22:08,639 DEBUG    root            Attempting to move directory [/tools/google-cloud-sdk] to [/tools/google-cloud-sdk.staging/.install/.backup]
2023-09-14 13:22:08,639 INFO     ___FILE_ONLY___ ══════════════════════════════
2023-09-14 13:22:08,639 DEBUG    root            Attempting to move directory [/tools/google-cloud-sdk.staging] to [/tools/google-cloud-sdk]
2023-09-14 13:22:08,639 INFO     ___FILE_ONLY___ ══════════════════════════════
2023-09-14 13:22:08,640 INFO     ___FILE_ONLY___ ╝

2023-09-14 13:22:08,643 DEBUG    root            Updating notification cache...
2023-09-14 13:22:08,644 INFO     ___FILE_ONLY___ 

2023-09-14 13:22:08,646 INFO     ___FILE_ONLY___ Performing post processing steps...
2023-09-14 13:22:08,646 DEBUG    root            Executing command: ['python3', '-S', '/tools/google-cloud-sdk/lib/gcloud.py', 'components', 'post-process']
2023-09-14 13:22:32,705 DEBUG    ___FILE_ONLY___ 
2023-09-14 13:22:32,705 DEBUG    ___FILE_ONLY___ 
2023-09-14 13:22:32,932 INFO     ___FILE_ONLY___ 
Update done!


2023-09-14 13:22:32,936 DEBUG    root            Chosen display Format:none
2023-09-14 13:22:32,936 INFO     root            Display format: "none"
